----------------------------------------------------------------
<<<<<<< HEAD
Mon Aug 05 17:23:41 CEST 2019:
Booting Derby version The Apache Software Foundation - Apache Derby - 10.10.2.0 - (1582446): instance a816c00e-016c-6261-0116-000002846990 
on database directory /home/eldar/MyDB with class loader jdk.internal.loader.ClassLoaders$AppClassLoader@1affbebc 
Loaded from file:/home/eldar/Radna%20povr%c5%a1ina/drive-download-20190803T174544Z-001/derby.jar
=======
Mon Aug 05 17:58:18 CEST 2019:
Booting Derby version The Apache Software Foundation - Apache Derby - 10.10.2.0 - (1582446): instance a816c00e-016c-6280-b5a2-000006edce00 
on database directory /home/mahha/MyDB with class loader jdk.internal.loader.ClassLoaders$AppClassLoader@1affbebc 
Loaded from file:/home/mahha/razvoj_projekat/derby.jar
>>>>>>> mahir_gui
java.vendor=Ubuntu
java.runtime.version=11.0.4+11-post-Ubuntu-1ubuntu218.04.3
user.dir=/home/eldar/raspored
os.name=Linux
os.arch=amd64
os.version=5.0.0-23-generic
derby.system.home=null
Database Class Loader started - derby.database.classpath=''
